<?xml version="1.0" encoding="UTF-8"?>
<testsuite name="RockPaperScissorsTest" tests="6" skipped="0" failures="0" errors="0" timestamp="2016-04-20T21:23:58" hostname="epicodus-36.local" time="0.002">
  <properties/>
  <testcase name="checkWinner_tie_0" classname="RockPaperScissorsTest" time="0.0"/>
  <testcase name="checkWinner_paperBeatsRock_1" classname="RockPaperScissorsTest" time="0.0"/>
  <testcase name="computerMove_computerMakesVaildMove_true" classname="RockPaperScissorsTest" time="0.0"/>
  <testcase name="checkWinner_playerTwoWins_2" classname="RockPaperScissorsTest" time="0.0"/>
  <testcase name="checkWinner_scissorsBeatPaper_1" classname="RockPaperScissorsTest" time="0.001"/>
  <testcase name="checkWinner_rockBeatsScissors_1" classname="RockPaperScissorsTest" time="0.0"/>
  <system-out><![CDATA[]]></system-out>
  <system-err><![CDATA[]]></system-err>
</testsuite>
